<?xml version="1.0" encoding="UTF-8"?>
<testsuite xmlns:xsi="http://www.w3.org/2001/XMLSchema-instance" xsi:noNamespaceSchemaLocation="https://maven.apache.org/surefire/maven-surefire-plugin/xsd/surefire-test-report-3.0.xsd" version="3.0" name="com.degreeflow.service.ProgressTrackerTest" time="0.026" tests="1" errors="0" skipped="1" failures="0">
  <properties>
    <property name="java.specification.version" value="21"/>
    <property name="sun.jnu.encoding" value="UTF-8"/>
    <property name="java.class.path" value="/mnt/c/Users/srnee/Desktop/Degree-Flow/degreeflow-backend/target/test-classes:/mnt/c/Users/srnee/Desktop/Degree-Flow/degreeflow-backend/target/classes:/home/sarahneelands/.m2/repository/org/springframework/boot/spring-boot-starter-web/3.1.5/spring-boot-starter-web-3.1.5.jar:/home/sarahneelands/.m2/repository/org/springframework/boot/spring-boot-starter/3.1.5/spring-boot-starter-3.1.5.jar:/home/sarahneelands/.m2/repository/org/springframework/boot/spring-boot-starter-logging/3.1.5/spring-boot-starter-logging-3.1.5.jar:/home/sarahneelands/.m2/repository/ch/qos/logback/logback-classic/1.4.11/logback-classic-1.4.11.jar:/home/sarahneelands/.m2/repository/ch/qos/logback/logback-core/1.4.11/logback-core-1.4.11.jar:/home/sarahneelands/.m2/repository/org/apache/logging/log4j/log4j-to-slf4j/2.20.0/log4j-to-slf4j-2.20.0.jar:/home/sarahneelands/.m2/repository/org/apache/logging/log4j/log4j-api/2.20.0/log4j-api-2.20.0.jar:/home/sarahneelands/.m2/repository/org/slf4j/jul-to-slf4j/2.0.9/jul-to-slf4j-2.0.9.jar:/home/sarahneelands/.m2/repository/jakarta/annotation/jakarta.annotation-api/2.1.1/jakarta.annotation-api-2.1.1.jar:/home/sarahneelands/.m2/repository/org/yaml/snakeyaml/1.33/snakeyaml-1.33.jar:/home/sarahneelands/.m2/repository/org/springframework/boot/spring-boot-starter-json/3.1.5/spring-boot-starter-json-3.1.5.jar:/home/sarahneelands/.m2/repository/com/fasterxml/jackson/core/jackson-databind/2.15.3/jackson-databind-2.15.3.jar:/home/sarahneelands/.m2/repository/com/fasterxml/jackson/datatype/jackson-datatype-jdk8/2.15.3/jackson-datatype-jdk8-2.15.3.jar:/home/sarahneelands/.m2/repository/com/fasterxml/jackson/datatype/jackson-datatype-jsr310/2.15.3/jackson-datatype-jsr310-2.15.3.jar:/home/sarahneelands/.m2/repository/com/fasterxml/jackson/module/jackson-module-parameter-names/2.15.3/jackson-module-parameter-names-2.15.3.jar:/home/sarahneelands/.m2/repository/org/springframework/boot/spring-boot-starter-tomcat/3.1.5/spring-boot-starter-tomcat-3.1.5.jar:/home/sarahneelands/.m2/repository/org/apache/tomcat/embed/tomcat-embed-core/10.1.15/tomcat-embed-core-10.1.15.jar:/home/sarahneelands/.m2/repository/org/apache/tomcat/embed/tomcat-embed-el/10.1.15/tomcat-embed-el-10.1.15.jar:/home/sarahneelands/.m2/repository/org/apache/tomcat/embed/tomcat-embed-websocket/10.1.15/tomcat-embed-websocket-10.1.15.jar:/home/sarahneelands/.m2/repository/org/springframework/spring-web/6.0.13/spring-web-6.0.13.jar:/home/sarahneelands/.m2/repository/org/springframework/spring-beans/6.0.13/spring-beans-6.0.13.jar:/home/sarahneelands/.m2/repository/io/micrometer/micrometer-observation/1.11.5/micrometer-observation-1.11.5.jar:/home/sarahneelands/.m2/repository/io/micrometer/micrometer-commons/1.11.5/micrometer-commons-1.11.5.jar:/home/sarahneelands/.m2/repository/org/springframework/spring-webmvc/6.0.13/spring-webmvc-6.0.13.jar:/home/sarahneelands/.m2/repository/org/springframework/spring-context/6.0.13/spring-context-6.0.13.jar:/home/sarahneelands/.m2/repository/org/springframework/spring-expression/6.0.13/spring-expression-6.0.13.jar:/home/sarahneelands/.m2/repository/org/springframework/boot/spring-boot-starter-data-jpa/3.1.5/spring-boot-starter-data-jpa-3.1.5.jar:/home/sarahneelands/.m2/repository/org/springframework/boot/spring-boot-starter-aop/3.1.5/spring-boot-starter-aop-3.1.5.jar:/home/sarahneelands/.m2/repository/org/aspectj/aspectjweaver/1.9.20/aspectjweaver-1.9.20.jar:/home/sarahneelands/.m2/repository/org/springframework/boot/spring-boot-starter-jdbc/3.1.5/spring-boot-starter-jdbc-3.1.5.jar:/home/sarahneelands/.m2/repository/com/zaxxer/HikariCP/5.0.1/HikariCP-5.0.1.jar:/home/sarahneelands/.m2/repository/org/springframework/spring-jdbc/6.0.13/spring-jdbc-6.0.13.jar:/home/sarahneelands/.m2/repository/org/hibernate/orm/hibernate-core/6.2.13.Final/hibernate-core-6.2.13.Final.jar:/home/sarahneelands/.m2/repository/jakarta/transaction/jakarta.transaction-api/2.0.1/jakarta.transaction-api-2.0.1.jar:/home/sarahneelands/.m2/repository/org/jboss/logging/jboss-logging/3.5.3.Final/jboss-logging-3.5.3.Final.jar:/home/sarahneelands/.m2/repository/org/hibernate/common/hibernate-commons-annotations/6.0.6.Final/hibernate-commons-annotations-6.0.6.Final.jar:/home/sarahneelands/.m2/repository/io/smallrye/jandex/3.0.5/jandex-3.0.5.jar:/home/sarahneelands/.m2/repository/com/fasterxml/classmate/1.5.1/classmate-1.5.1.jar:/home/sarahneelands/.m2/repository/org/glassfish/jaxb/jaxb-runtime/4.0.3/jaxb-runtime-4.0.3.jar:/home/sarahneelands/.m2/repository/org/glassfish/jaxb/jaxb-core/4.0.3/jaxb-core-4.0.3.jar:/home/sarahneelands/.m2/repository/org/glassfish/jaxb/txw2/4.0.3/txw2-4.0.3.jar:/home/sarahneelands/.m2/repository/com/sun/istack/istack-commons-runtime/4.1.2/istack-commons-runtime-4.1.2.jar:/home/sarahneelands/.m2/repository/jakarta/inject/jakarta.inject-api/2.0.1/jakarta.inject-api-2.0.1.jar:/home/sarahneelands/.m2/repository/org/antlr/antlr4-runtime/4.10.1/antlr4-runtime-4.10.1.jar:/home/sarahneelands/.m2/repository/org/springframework/data/spring-data-jpa/3.1.5/spring-data-jpa-3.1.5.jar:/home/sarahneelands/.m2/repository/org/springframework/data/spring-data-commons/3.1.5/spring-data-commons-3.1.5.jar:/home/sarahneelands/.m2/repository/org/springframework/spring-orm/6.0.13/spring-orm-6.0.13.jar:/home/sarahneelands/.m2/repository/org/springframework/spring-tx/6.0.13/spring-tx-6.0.13.jar:/home/sarahneelands/.m2/repository/org/springframework/spring-aspects/6.0.13/spring-aspects-6.0.13.jar:/home/sarahneelands/.m2/repository/org/springframework/boot/spring-boot-starter-security/3.1.5/spring-boot-starter-security-3.1.5.jar:/home/sarahneelands/.m2/repository/org/springframework/spring-aop/6.0.13/spring-aop-6.0.13.jar:/home/sarahneelands/.m2/repository/org/springframework/security/spring-security-config/6.1.5/spring-security-config-6.1.5.jar:/home/sarahneelands/.m2/repository/org/springframework/security/spring-security-web/6.1.5/spring-security-web-6.1.5.jar:/home/sarahneelands/.m2/repository/org/springframework/boot/spring-boot-starter-oauth2-resource-server/3.1.5/spring-boot-starter-oauth2-resource-server-3.1.5.jar:/home/sarahneelands/.m2/repository/org/springframework/security/spring-security-core/6.1.5/spring-security-core-6.1.5.jar:/home/sarahneelands/.m2/repository/org/springframework/security/spring-security-crypto/6.1.5/spring-security-crypto-6.1.5.jar:/home/sarahneelands/.m2/repository/org/springframework/security/spring-security-oauth2-resource-server/6.1.5/spring-security-oauth2-resource-server-6.1.5.jar:/home/sarahneelands/.m2/repository/org/springframework/security/spring-security-oauth2-core/6.1.5/spring-security-oauth2-core-6.1.5.jar:/home/sarahneelands/.m2/repository/org/springframework/security/spring-security-oauth2-jose/6.1.5/spring-security-oauth2-jose-6.1.5.jar:/home/sarahneelands/.m2/repository/com/nimbusds/nimbus-jose-jwt/9.24.4/nimbus-jose-jwt-9.24.4.jar:/home/sarahneelands/.m2/repository/com/github/stephenc/jcip/jcip-annotations/1.0-1/jcip-annotations-1.0-1.jar:/home/sarahneelands/.m2/repository/org/springframework/boot/spring-boot-starter-mail/3.1.5/spring-boot-starter-mail-3.1.5.jar:/home/sarahneelands/.m2/repository/org/springframework/spring-context-support/6.0.13/spring-context-support-6.0.13.jar:/home/sarahneelands/.m2/repository/org/eclipse/angus/jakarta.mail/1.1.0/jakarta.mail-1.1.0.jar:/home/sarahneelands/.m2/repository/jakarta/activation/jakarta.activation-api/2.1.2/jakarta.activation-api-2.1.2.jar:/home/sarahneelands/.m2/repository/org/eclipse/angus/angus-activation/2.0.1/angus-activation-2.0.1.jar:/home/sarahneelands/.m2/repository/org/springframework/boot/spring-boot-devtools/3.1.5/spring-boot-devtools-3.1.5.jar:/home/sarahneelands/.m2/repository/org/springframework/boot/spring-boot/3.1.5/spring-boot-3.1.5.jar:/home/sarahneelands/.m2/repository/org/springframework/boot/spring-boot-autoconfigure/3.1.5/spring-boot-autoconfigure-3.1.5.jar:/home/sarahneelands/.m2/repository/org/postgresql/postgresql/42.6.1/postgresql-42.6.1.jar:/home/sarahneelands/.m2/repository/org/checkerframework/checker-qual/3.31.0/checker-qual-3.31.0.jar:/home/sarahneelands/.m2/repository/com/azure/azure-identity/1.12.2/azure-identity-1.12.2.jar:/home/sarahneelands/.m2/repository/com/azure/azure-core/1.49.1/azure-core-1.49.1.jar:/home/sarahneelands/.m2/repository/com/azure/azure-xml/1.0.0/azure-xml-1.0.0.jar:/home/sarahneelands/.m2/repository/com/fasterxml/jackson/core/jackson-annotations/2.15.3/jackson-annotations-2.15.3.jar:/home/sarahneelands/.m2/repository/com/fasterxml/jackson/core/jackson-core/2.15.3/jackson-core-2.15.3.jar:/home/sarahneelands/.m2/repository/io/projectreactor/reactor-core/3.5.11/reactor-core-3.5.11.jar:/home/sarahneelands/.m2/repository/org/reactivestreams/reactive-streams/1.0.4/reactive-streams-1.0.4.jar:/home/sarahneelands/.m2/repository/com/azure/azure-core-http-netty/1.15.1/azure-core-http-netty-1.15.1.jar:/home/sarahneelands/.m2/repository/io/netty/netty-handler/4.1.100.Final/netty-handler-4.1.100.Final.jar:/home/sarahneelands/.m2/repository/io/netty/netty-resolver/4.1.100.Final/netty-resolver-4.1.100.Final.jar:/home/sarahneelands/.m2/repository/io/netty/netty-handler-proxy/4.1.100.Final/netty-handler-proxy-4.1.100.Final.jar:/home/sarahneelands/.m2/repository/io/netty/netty-codec-socks/4.1.100.Final/netty-codec-socks-4.1.100.Final.jar:/home/sarahneelands/.m2/repository/io/netty/netty-buffer/4.1.100.Final/netty-buffer-4.1.100.Final.jar:/home/sarahneelands/.m2/repository/io/netty/netty-codec/4.1.100.Final/netty-codec-4.1.100.Final.jar:/home/sarahneelands/.m2/repository/io/netty/netty-codec-http/4.1.100.Final/netty-codec-http-4.1.100.Final.jar:/home/sarahneelands/.m2/repository/io/netty/netty-codec-http2/4.1.100.Final/netty-codec-http2-4.1.100.Final.jar:/home/sarahneelands/.m2/repository/io/netty/netty-transport-native-unix-common/4.1.100.Final/netty-transport-native-unix-common-4.1.100.Final.jar:/home/sarahneelands/.m2/repository/io/netty/netty-transport-native-epoll/4.1.100.Final/netty-transport-native-epoll-4.1.100.Final-linux-x86_64.jar:/home/sarahneelands/.m2/repository/io/netty/netty-transport-native-kqueue/4.1.100.Final/netty-transport-native-kqueue-4.1.100.Final-osx-x86_64.jar:/home/sarahneelands/.m2/repository/io/netty/netty-tcnative-boringssl-static/2.0.61.Final/netty-tcnative-boringssl-static-2.0.61.Final.jar:/home/sarahneelands/.m2/repository/io/netty/netty-tcnative-classes/2.0.61.Final/netty-tcnative-classes-2.0.61.Final.jar:/home/sarahneelands/.m2/repository/io/netty/netty-tcnative-boringssl-static/2.0.61.Final/netty-tcnative-boringssl-static-2.0.61.Final-linux-x86_64.jar:/home/sarahneelands/.m2/repository/io/netty/netty-tcnative-boringssl-static/2.0.61.Final/netty-tcnative-boringssl-static-2.0.61.Final-linux-aarch_64.jar:/home/sarahneelands/.m2/repository/io/netty/netty-tcnative-boringssl-static/2.0.61.Final/netty-tcnative-boringssl-static-2.0.61.Final-osx-x86_64.jar:/home/sarahneelands/.m2/repository/io/netty/netty-tcnative-boringssl-static/2.0.61.Final/netty-tcnative-boringssl-static-2.0.61.Final-osx-aarch_64.jar:/home/sarahneelands/.m2/repository/io/netty/netty-tcnative-boringssl-static/2.0.61.Final/netty-tcnative-boringssl-static-2.0.61.Final-windows-x86_64.jar:/home/sarahneelands/.m2/repository/io/projectreactor/netty/reactor-netty-http/1.1.12/reactor-netty-http-1.1.12.jar:/home/sarahneelands/.m2/repository/io/netty/netty-resolver-dns/4.1.100.Final/netty-resolver-dns-4.1.100.Final.jar:/home/sarahneelands/.m2/repository/io/netty/netty-codec-dns/4.1.100.Final/netty-codec-dns-4.1.100.Final.jar:/home/sarahneelands/.m2/repository/io/netty/netty-resolver-dns-native-macos/4.1.100.Final/netty-resolver-dns-native-macos-4.1.100.Final-osx-x86_64.jar:/home/sarahneelands/.m2/repository/io/netty/netty-resolver-dns-classes-macos/4.1.100.Final/netty-resolver-dns-classes-macos-4.1.100.Final.jar:/home/sarahneelands/.m2/repository/io/projectreactor/netty/reactor-netty-core/1.1.12/reactor-netty-core-1.1.12.jar:/home/sarahneelands/.m2/repository/io/netty/netty-common/4.1.100.Final/netty-common-4.1.100.Final.jar:/home/sarahneelands/.m2/repository/com/azure/azure-json/1.1.0/azure-json-1.1.0.jar:/home/sarahneelands/.m2/repository/com/microsoft/azure/msal4j/1.15.1/msal4j-1.15.1.jar:/home/sarahneelands/.m2/repository/com/nimbusds/oauth2-oidc-sdk/11.9.1/oauth2-oidc-sdk-11.9.1.jar:/home/sarahneelands/.m2/repository/com/nimbusds/content-type/2.3/content-type-2.3.jar:/home/sarahneelands/.m2/repository/com/nimbusds/lang-tag/1.7/lang-tag-1.7.jar:/home/sarahneelands/.m2/repository/com/microsoft/azure/msal4j-persistence-extension/1.3.0/msal4j-persistence-extension-1.3.0.jar:/home/sarahneelands/.m2/repository/net/java/dev/jna/jna/5.13.0/jna-5.13.0.jar:/home/sarahneelands/.m2/repository/net/java/dev/jna/jna-platform/5.6.0/jna-platform-5.6.0.jar:/home/sarahneelands/.m2/repository/org/projectlombok/lombok/1.18.30/lombok-1.18.30.jar:/home/sarahneelands/.m2/repository/org/apache/pdfbox/pdfbox/2.0.30/pdfbox-2.0.30.jar:/home/sarahneelands/.m2/repository/org/apache/pdfbox/fontbox/2.0.30/fontbox-2.0.30.jar:/home/sarahneelands/.m2/repository/commons-logging/commons-logging/1.2/commons-logging-1.2.jar:/home/sarahneelands/.m2/repository/com/squareup/okhttp3/okhttp/4.11.0/okhttp-4.11.0.jar:/home/sarahneelands/.m2/repository/com/squareup/okio/okio/3.2.0/okio-3.2.0.jar:/home/sarahneelands/.m2/repository/com/squareup/okio/okio-jvm/3.2.0/okio-jvm-3.2.0.jar:/home/sarahneelands/.m2/repository/org/jetbrains/kotlin/kotlin-stdlib/1.8.22/kotlin-stdlib-1.8.22.jar:/home/sarahneelands/.m2/repository/org/jetbrains/kotlin/kotlin-stdlib-common/1.8.22/kotlin-stdlib-common-1.8.22.jar:/home/sarahneelands/.m2/repository/org/jetbrains/annotations/13.0/annotations-13.0.jar:/home/sarahneelands/.m2/repository/org/jetbrains/kotlin/kotlin-stdlib-jdk8/1.8.22/kotlin-stdlib-jdk8-1.8.22.jar:/home/sarahneelands/.m2/repository/org/jetbrains/kotlin/kotlin-stdlib-jdk7/1.8.22/kotlin-stdlib-jdk7-1.8.22.jar:/home/sarahneelands/.m2/repository/org/jsoup/jsoup/1.15.3/jsoup-1.15.3.jar:/home/sarahneelands/.m2/repository/org/json/json/20231013/json-20231013.jar:/home/sarahneelands/.m2/repository/org/seleniumhq/selenium/selenium-java/4.8.3/selenium-java-4.8.3.jar:/home/sarahneelands/.m2/repository/org/seleniumhq/selenium/selenium-api/4.8.3/selenium-api-4.8.3.jar:/home/sarahneelands/.m2/repository/org/seleniumhq/selenium/selenium-devtools-v109/4.8.3/selenium-devtools-v109-4.8.3.jar:/home/sarahneelands/.m2/repository/org/seleniumhq/selenium/selenium-devtools-v110/4.8.3/selenium-devtools-v110-4.8.3.jar:/home/sarahneelands/.m2/repository/org/seleniumhq/selenium/selenium-devtools-v111/4.8.3/selenium-devtools-v111-4.8.3.jar:/home/sarahneelands/.m2/repository/org/seleniumhq/selenium/selenium-devtools-v85/4.8.3/selenium-devtools-v85-4.8.3.jar:/home/sarahneelands/.m2/repository/org/seleniumhq/selenium/selenium-edge-driver/4.8.3/selenium-edge-driver-4.8.3.jar:/home/sarahneelands/.m2/repository/org/seleniumhq/selenium/selenium-firefox-driver/4.8.3/selenium-firefox-driver-4.8.3.jar:/home/sarahneelands/.m2/repository/org/seleniumhq/selenium/selenium-http/4.8.3/selenium-http-4.8.3.jar:/home/sarahneelands/.m2/repository/dev/failsafe/failsafe/3.3.1/failsafe-3.3.1.jar:/home/sarahneelands/.m2/repository/org/seleniumhq/selenium/selenium-ie-driver/4.8.3/selenium-ie-driver-4.8.3.jar:/home/sarahneelands/.m2/repository/org/seleniumhq/selenium/selenium-remote-driver/4.8.3/selenium-remote-driver-4.8.3.jar:/home/sarahneelands/.m2/repository/io/netty/netty-transport-classes-epoll/4.1.100.Final/netty-transport-classes-epoll-4.1.100.Final.jar:/home/sarahneelands/.m2/repository/io/netty/netty-transport-classes-kqueue/4.1.100.Final/netty-transport-classes-kqueue-4.1.100.Final.jar:/home/sarahneelands/.m2/repository/io/netty/netty-transport-native-epoll/4.1.100.Final/netty-transport-native-epoll-4.1.100.Final.jar:/home/sarahneelands/.m2/repository/io/netty/netty-transport-native-kqueue/4.1.100.Final/netty-transport-native-kqueue-4.1.100.Final.jar:/home/sarahneelands/.m2/repository/io/netty/netty-transport/4.1.100.Final/netty-transport-4.1.100.Final.jar:/home/sarahneelands/.m2/repository/io/opentelemetry/opentelemetry-api/1.25.0/opentelemetry-api-1.25.0.jar:/home/sarahneelands/.m2/repository/io/opentelemetry/opentelemetry-context/1.25.0/opentelemetry-context-1.25.0.jar:/home/sarahneelands/.m2/repository/io/opentelemetry/opentelemetry-exporter-logging/1.25.0/opentelemetry-exporter-logging-1.25.0.jar:/home/sarahneelands/.m2/repository/io/opentelemetry/opentelemetry-sdk-metrics/1.25.0/opentelemetry-sdk-metrics-1.25.0.jar:/home/sarahneelands/.m2/repository/io/opentelemetry/opentelemetry-sdk-logs/1.25.0-alpha/opentelemetry-sdk-logs-1.25.0-alpha.jar:/home/sarahneelands/.m2/repository/io/opentelemetry/opentelemetry-api-logs/1.25.0-alpha/opentelemetry-api-logs-1.25.0-alpha.jar:/home/sarahneelands/.m2/repository/io/opentelemetry/opentelemetry-api-events/1.25.0-alpha/opentelemetry-api-events-1.25.0-alpha.jar:/home/sarahneelands/.m2/repository/io/opentelemetry/opentelemetry-sdk-common/1.25.0/opentelemetry-sdk-common-1.25.0.jar:/home/sarahneelands/.m2/repository/io/opentelemetry/opentelemetry-sdk-extension-autoconfigure-spi/1.25.0/opentelemetry-sdk-extension-autoconfigure-spi-1.25.0.jar:/home/sarahneelands/.m2/repository/io/opentelemetry/opentelemetry-sdk-extension-autoconfigure/1.24.0-alpha/opentelemetry-sdk-extension-autoconfigure-1.24.0-alpha.jar:/home/sarahneelands/.m2/repository/io/opentelemetry/opentelemetry-sdk-trace/1.25.0/opentelemetry-sdk-trace-1.25.0.jar:/home/sarahneelands/.m2/repository/io/opentelemetry/opentelemetry-sdk/1.25.0/opentelemetry-sdk-1.25.0.jar:/home/sarahneelands/.m2/repository/io/opentelemetry/opentelemetry-semconv/1.24.0-alpha/opentelemetry-semconv-1.24.0-alpha.jar:/home/sarahneelands/.m2/repository/io/ous/jtoml/2.0.0/jtoml-2.0.0.jar:/home/sarahneelands/.m2/repository/org/apache/commons/commons-exec/1.3/commons-exec-1.3.jar:/home/sarahneelands/.m2/repository/org/asynchttpclient/async-http-client/2.12.3/async-http-client-2.12.3.jar:/home/sarahneelands/.m2/repository/org/asynchttpclient/async-http-client-netty-utils/2.12.3/async-http-client-netty-utils-2.12.3.jar:/home/sarahneelands/.m2/repository/com/typesafe/netty/netty-reactive-streams/2.0.4/netty-reactive-streams-2.0.4.jar:/home/sarahneelands/.m2/repository/com/sun/activation/jakarta.activation/1.2.2/jakarta.activation-1.2.2.jar:/home/sarahneelands/.m2/repository/org/seleniumhq/selenium/selenium-safari-driver/4.8.3/selenium-safari-driver-4.8.3.jar:/home/sarahneelands/.m2/repository/org/seleniumhq/selenium/selenium-support/4.8.3/selenium-support-4.8.3.jar:/home/sarahneelands/.m2/repository/org/seleniumhq/selenium/selenium-chrome-driver/4.8.3/selenium-chrome-driver-4.8.3.jar:/home/sarahneelands/.m2/repository/com/google/auto/service/auto-service-annotations/1.0.1/auto-service-annotations-1.0.1.jar:/home/sarahneelands/.m2/repository/com/google/auto/service/auto-service/1.0.1/auto-service-1.0.1.jar:/home/sarahneelands/.m2/repository/com/google/auto/auto-common/1.2/auto-common-1.2.jar:/home/sarahneelands/.m2/repository/com/google/guava/guava/31.1-jre/guava-31.1-jre.jar:/home/sarahneelands/.m2/repository/com/google/guava/failureaccess/1.0.1/failureaccess-1.0.1.jar:/home/sarahneelands/.m2/repository/com/google/guava/listenablefuture/9999.0-empty-to-avoid-conflict-with-guava/listenablefuture-9999.0-empty-to-avoid-conflict-with-guava.jar:/home/sarahneelands/.m2/repository/com/google/code/findbugs/jsr305/3.0.2/jsr305-3.0.2.jar:/home/sarahneelands/.m2/repository/com/google/errorprone/error_prone_annotations/2.11.0/error_prone_annotations-2.11.0.jar:/home/sarahneelands/.m2/repository/com/google/j2objc/j2objc-annotations/1.3/j2objc-annotations-1.3.jar:/home/sarahneelands/.m2/repository/org/seleniumhq/selenium/selenium-chromium-driver/4.8.3/selenium-chromium-driver-4.8.3.jar:/home/sarahneelands/.m2/repository/org/seleniumhq/selenium/selenium-json/4.8.3/selenium-json-4.8.3.jar:/home/sarahneelands/.m2/repository/org/seleniumhq/selenium/selenium-manager/4.8.3/selenium-manager-4.8.3.jar:/home/sarahneelands/.m2/repository/io/github/bonigarcia/webdrivermanager/5.5.0/webdrivermanager-5.5.0.jar:/home/sarahneelands/.m2/repository/org/slf4j/slf4j-api/2.0.9/slf4j-api-2.0.9.jar:/home/sarahneelands/.m2/repository/com/google/code/gson/gson/2.10.1/gson-2.10.1.jar:/home/sarahneelands/.m2/repository/com/github/docker-java/docker-java/3.3.3/docker-java-3.3.3.jar:/home/sarahneelands/.m2/repository/com/github/docker-java/docker-java-core/3.3.3/docker-java-core-3.3.3.jar:/home/sarahneelands/.m2/repository/com/github/docker-java/docker-java-api/3.3.3/docker-java-api-3.3.3.jar:/home/sarahneelands/.m2/repository/commons-io/commons-io/2.6/commons-io-2.6.jar:/home/sarahneelands/.m2/repository/org/apache/commons/commons-compress/1.21/commons-compress-1.21.jar:/home/sarahneelands/.m2/repository/org/bouncycastle/bcpkix-jdk18on/1.75/bcpkix-jdk18on-1.75.jar:/home/sarahneelands/.m2/repository/org/bouncycastle/bcprov-jdk18on/1.75/bcprov-jdk18on-1.75.jar:/home/sarahneelands/.m2/repository/org/bouncycastle/bcutil-jdk18on/1.75/bcutil-jdk18on-1.75.jar:/home/sarahneelands/.m2/repository/org/slf4j/jcl-over-slf4j/2.0.9/jcl-over-slf4j-2.0.9.jar:/home/sarahneelands/.m2/repository/com/github/docker-java/docker-java-transport-httpclient5/3.3.3/docker-java-transport-httpclient5-3.3.3.jar:/home/sarahneelands/.m2/repository/com/github/docker-java/docker-java-transport/3.3.3/docker-java-transport-3.3.3.jar:/home/sarahneelands/.m2/repository/org/brotli/dec/0.1.2/dec-0.1.2.jar:/home/sarahneelands/.m2/repository/org/apache/commons/commons-lang3/3.12.0/commons-lang3-3.12.0.jar:/home/sarahneelands/.m2/repository/org/apache/httpcomponents/client5/httpclient5/5.2.1/httpclient5-5.2.1.jar:/home/sarahneelands/.m2/repository/org/apache/httpcomponents/core5/httpcore5/5.2.3/httpcore5-5.2.3.jar:/home/sarahneelands/.m2/repository/org/apache/httpcomponents/core5/httpcore5-h2/5.2.3/httpcore5-h2-5.2.3.jar:/home/sarahneelands/.m2/repository/jakarta/persistence/jakarta.persistence-api/3.1.0/jakarta.persistence-api-3.1.0.jar:/home/sarahneelands/.m2/repository/org/testng/testng/7.8.0/testng-7.8.0.jar:/home/sarahneelands/.m2/repository/com/beust/jcommander/1.82/jcommander-1.82.jar:/home/sarahneelands/.m2/repository/org/webjars/jquery/3.6.1/jquery-3.6.1.jar:/home/sarahneelands/.m2/repository/org/mockito/mockito-core/5.5.0/mockito-core-5.5.0.jar:/home/sarahneelands/.m2/repository/net/bytebuddy/byte-buddy/1.14.9/byte-buddy-1.14.9.jar:/home/sarahneelands/.m2/repository/net/bytebuddy/byte-buddy-agent/1.14.9/byte-buddy-agent-1.14.9.jar:/home/sarahneelands/.m2/repository/org/objenesis/objenesis/3.3/objenesis-3.3.jar:/home/sarahneelands/.m2/repository/org/springframework/boot/spring-boot-starter-test/3.1.5/spring-boot-starter-test-3.1.5.jar:/home/sarahneelands/.m2/repository/org/springframework/boot/spring-boot-test/3.1.5/spring-boot-test-3.1.5.jar:/home/sarahneelands/.m2/repository/org/springframework/boot/spring-boot-test-autoconfigure/3.1.5/spring-boot-test-autoconfigure-3.1.5.jar:/home/sarahneelands/.m2/repository/com/jayway/jsonpath/json-path/2.8.0/json-path-2.8.0.jar:/home/sarahneelands/.m2/repository/jakarta/xml/bind/jakarta.xml.bind-api/4.0.1/jakarta.xml.bind-api-4.0.1.jar:/home/sarahneelands/.m2/repository/net/minidev/json-smart/2.4.11/json-smart-2.4.11.jar:/home/sarahneelands/.m2/repository/net/minidev/accessors-smart/2.4.11/accessors-smart-2.4.11.jar:/home/sarahneelands/.m2/repository/org/ow2/asm/asm/9.3/asm-9.3.jar:/home/sarahneelands/.m2/repository/org/assertj/assertj-core/3.24.2/assertj-core-3.24.2.jar:/home/sarahneelands/.m2/repository/org/hamcrest/hamcrest/2.2/hamcrest-2.2.jar:/home/sarahneelands/.m2/repository/org/junit/jupiter/junit-jupiter/5.9.3/junit-jupiter-5.9.3.jar:/home/sarahneelands/.m2/repository/org/junit/jupiter/junit-jupiter-api/5.9.3/junit-jupiter-api-5.9.3.jar:/home/sarahneelands/.m2/repository/org/opentest4j/opentest4j/1.2.0/opentest4j-1.2.0.jar:/home/sarahneelands/.m2/repository/org/junit/platform/junit-platform-commons/1.9.3/junit-platform-commons-1.9.3.jar:/home/sarahneelands/.m2/repository/org/apiguardian/apiguardian-api/1.1.2/apiguardian-api-1.1.2.jar:/home/sarahneelands/.m2/repository/org/junit/jupiter/junit-jupiter-params/5.9.3/junit-jupiter-params-5.9.3.jar:/home/sarahneelands/.m2/repository/org/junit/jupiter/junit-jupiter-engine/5.9.3/junit-jupiter-engine-5.9.3.jar:/home/sarahneelands/.m2/repository/org/junit/platform/junit-platform-engine/1.9.3/junit-platform-engine-1.9.3.jar:/home/sarahneelands/.m2/repository/org/mockito/mockito-junit-jupiter/5.3.1/mockito-junit-jupiter-5.3.1.jar:/home/sarahneelands/.m2/repository/org/skyscreamer/jsonassert/1.5.1/jsonassert-1.5.1.jar:/home/sarahneelands/.m2/repository/com/vaadin/external/google/android-json/0.0.20131108.vaadin1/android-json-0.0.20131108.vaadin1.jar:/home/sarahneelands/.m2/repository/org/springframework/spring-core/6.0.13/spring-core-6.0.13.jar:/home/sarahneelands/.m2/repository/org/springframework/spring-jcl/6.0.13/spring-jcl-6.0.13.jar:/home/sarahneelands/.m2/repository/org/springframework/spring-test/6.0.13/spring-test-6.0.13.jar:/home/sarahneelands/.m2/repository/org/xmlunit/xmlunit-core/2.9.1/xmlunit-core-2.9.1.jar:"/>
    <property name="java.vm.vendor" value="Ubuntu"/>
    <property name="sun.arch.data.model" value="64"/>
    <property name="java.vendor.url" value="https://ubuntu.com/"/>
    <property name="user.timezone" value="America/Toronto"/>
    <property name="org.jboss.logging.provider" value="slf4j"/>
    <property name="os.name" value="Linux"/>
    <property name="java.vm.specification.version" value="21"/>
    <property name="sun.java.launcher" value="SUN_STANDARD"/>
    <property name="sun.boot.library.path" value="/usr/lib/jvm/java-21-openjdk-amd64/lib"/>
    <property name="sun.java.command" value="/mnt/c/Users/srnee/Desktop/Degree-Flow/degreeflow-backend/target/surefire/surefirebooter-20250408002711367_3.jar /mnt/c/Users/srnee/Desktop/Degree-Flow/degreeflow-backend/target/surefire 2025-04-08T00-27-11_207-jvmRun1 surefire-20250408002711367_1tmp surefire_0-20250408002711367_2tmp"/>
    <property name="jdk.debug" value="release"/>
    <property name="surefire.test.class.path" value="/mnt/c/Users/srnee/Desktop/Degree-Flow/degreeflow-backend/target/test-classes:/mnt/c/Users/srnee/Desktop/Degree-Flow/degreeflow-backend/target/classes:/home/sarahneelands/.m2/repository/org/springframework/boot/spring-boot-starter-web/3.1.5/spring-boot-starter-web-3.1.5.jar:/home/sarahneelands/.m2/repository/org/springframework/boot/spring-boot-starter/3.1.5/spring-boot-starter-3.1.5.jar:/home/sarahneelands/.m2/repository/org/springframework/boot/spring-boot-starter-logging/3.1.5/spring-boot-starter-logging-3.1.5.jar:/home/sarahneelands/.m2/repository/ch/qos/logback/logback-classic/1.4.11/logback-classic-1.4.11.jar:/home/sarahneelands/.m2/repository/ch/qos/logback/logback-core/1.4.11/logback-core-1.4.11.jar:/home/sarahneelands/.m2/repository/org/apache/logging/log4j/log4j-to-slf4j/2.20.0/log4j-to-slf4j-2.20.0.jar:/home/sarahneelands/.m2/repository/org/apache/logging/log4j/log4j-api/2.20.0/log4j-api-2.20.0.jar:/home/sarahneelands/.m2/repository/org/slf4j/jul-to-slf4j/2.0.9/jul-to-slf4j-2.0.9.jar:/home/sarahneelands/.m2/repository/jakarta/annotation/jakarta.annotation-api/2.1.1/jakarta.annotation-api-2.1.1.jar:/home/sarahneelands/.m2/repository/org/yaml/snakeyaml/1.33/snakeyaml-1.33.jar:/home/sarahneelands/.m2/repository/org/springframework/boot/spring-boot-starter-json/3.1.5/spring-boot-starter-json-3.1.5.jar:/home/sarahneelands/.m2/repository/com/fasterxml/jackson/core/jackson-databind/2.15.3/jackson-databind-2.15.3.jar:/home/sarahneelands/.m2/repository/com/fasterxml/jackson/datatype/jackson-datatype-jdk8/2.15.3/jackson-datatype-jdk8-2.15.3.jar:/home/sarahneelands/.m2/repository/com/fasterxml/jackson/datatype/jackson-datatype-jsr310/2.15.3/jackson-datatype-jsr310-2.15.3.jar:/home/sarahneelands/.m2/repository/com/fasterxml/jackson/module/jackson-module-parameter-names/2.15.3/jackson-module-parameter-names-2.15.3.jar:/home/sarahneelands/.m2/repository/org/springframework/boot/spring-boot-starter-tomcat/3.1.5/spring-boot-starter-tomcat-3.1.5.jar:/home/sarahneelands/.m2/repository/org/apache/tomcat/embed/tomcat-embed-core/10.1.15/tomcat-embed-core-10.1.15.jar:/home/sarahneelands/.m2/repository/org/apache/tomcat/embed/tomcat-embed-el/10.1.15/tomcat-embed-el-10.1.15.jar:/home/sarahneelands/.m2/repository/org/apache/tomcat/embed/tomcat-embed-websocket/10.1.15/tomcat-embed-websocket-10.1.15.jar:/home/sarahneelands/.m2/repository/org/springframework/spring-web/6.0.13/spring-web-6.0.13.jar:/home/sarahneelands/.m2/repository/org/springframework/spring-beans/6.0.13/spring-beans-6.0.13.jar:/home/sarahneelands/.m2/repository/io/micrometer/micrometer-observation/1.11.5/micrometer-observation-1.11.5.jar:/home/sarahneelands/.m2/repository/io/micrometer/micrometer-commons/1.11.5/micrometer-commons-1.11.5.jar:/home/sarahneelands/.m2/repository/org/springframework/spring-webmvc/6.0.13/spring-webmvc-6.0.13.jar:/home/sarahneelands/.m2/repository/org/springframework/spring-context/6.0.13/spring-context-6.0.13.jar:/home/sarahneelands/.m2/repository/org/springframework/spring-expression/6.0.13/spring-expression-6.0.13.jar:/home/sarahneelands/.m2/repository/org/springframework/boot/spring-boot-starter-data-jpa/3.1.5/spring-boot-starter-data-jpa-3.1.5.jar:/home/sarahneelands/.m2/repository/org/springframework/boot/spring-boot-starter-aop/3.1.5/spring-boot-starter-aop-3.1.5.jar:/home/sarahneelands/.m2/repository/org/aspectj/aspectjweaver/1.9.20/aspectjweaver-1.9.20.jar:/home/sarahneelands/.m2/repository/org/springframework/boot/spring-boot-starter-jdbc/3.1.5/spring-boot-starter-jdbc-3.1.5.jar:/home/sarahneelands/.m2/repository/com/zaxxer/HikariCP/5.0.1/HikariCP-5.0.1.jar:/home/sarahneelands/.m2/repository/org/springframework/spring-jdbc/6.0.13/spring-jdbc-6.0.13.jar:/home/sarahneelands/.m2/repository/org/hibernate/orm/hibernate-core/6.2.13.Final/hibernate-core-6.2.13.Final.jar:/home/sarahneelands/.m2/repository/jakarta/transaction/jakarta.transaction-api/2.0.1/jakarta.transaction-api-2.0.1.jar:/home/sarahneelands/.m2/repository/org/jboss/logging/jboss-logging/3.5.3.Final/jboss-logging-3.5.3.Final.jar:/home/sarahneelands/.m2/repository/org/hibernate/common/hibernate-commons-annotations/6.0.6.Final/hibernate-commons-annotations-6.0.6.Final.jar:/home/sarahneelands/.m2/repository/io/smallrye/jandex/3.0.5/jandex-3.0.5.jar:/home/sarahneelands/.m2/repository/com/fasterxml/classmate/1.5.1/classmate-1.5.1.jar:/home/sarahneelands/.m2/repository/org/glassfish/jaxb/jaxb-runtime/4.0.3/jaxb-runtime-4.0.3.jar:/home/sarahneelands/.m2/repository/org/glassfish/jaxb/jaxb-core/4.0.3/jaxb-core-4.0.3.jar:/home/sarahneelands/.m2/repository/org/glassfish/jaxb/txw2/4.0.3/txw2-4.0.3.jar:/home/sarahneelands/.m2/repository/com/sun/istack/istack-commons-runtime/4.1.2/istack-commons-runtime-4.1.2.jar:/home/sarahneelands/.m2/repository/jakarta/inject/jakarta.inject-api/2.0.1/jakarta.inject-api-2.0.1.jar:/home/sarahneelands/.m2/repository/org/antlr/antlr4-runtime/4.10.1/antlr4-runtime-4.10.1.jar:/home/sarahneelands/.m2/repository/org/springframework/data/spring-data-jpa/3.1.5/spring-data-jpa-3.1.5.jar:/home/sarahneelands/.m2/repository/org/springframework/data/spring-data-commons/3.1.5/spring-data-commons-3.1.5.jar:/home/sarahneelands/.m2/repository/org/springframework/spring-orm/6.0.13/spring-orm-6.0.13.jar:/home/sarahneelands/.m2/repository/org/springframework/spring-tx/6.0.13/spring-tx-6.0.13.jar:/home/sarahneelands/.m2/repository/org/springframework/spring-aspects/6.0.13/spring-aspects-6.0.13.jar:/home/sarahneelands/.m2/repository/org/springframework/boot/spring-boot-starter-security/3.1.5/spring-boot-starter-security-3.1.5.jar:/home/sarahneelands/.m2/repository/org/springframework/spring-aop/6.0.13/spring-aop-6.0.13.jar:/home/sarahneelands/.m2/repository/org/springframework/security/spring-security-config/6.1.5/spring-security-config-6.1.5.jar:/home/sarahneelands/.m2/repository/org/springframework/security/spring-security-web/6.1.5/spring-security-web-6.1.5.jar:/home/sarahneelands/.m2/repository/org/springframework/boot/spring-boot-starter-oauth2-resource-server/3.1.5/spring-boot-starter-oauth2-resource-server-3.1.5.jar:/home/sarahneelands/.m2/repository/org/springframework/security/spring-security-core/6.1.5/spring-security-core-6.1.5.jar:/home/sarahneelands/.m2/repository/org/springframework/security/spring-security-crypto/6.1.5/spring-security-crypto-6.1.5.jar:/home/sarahneelands/.m2/repository/org/springframework/security/spring-security-oauth2-resource-server/6.1.5/spring-security-oauth2-resource-server-6.1.5.jar:/home/sarahneelands/.m2/repository/org/springframework/security/spring-security-oauth2-core/6.1.5/spring-security-oauth2-core-6.1.5.jar:/home/sarahneelands/.m2/repository/org/springframework/security/spring-security-oauth2-jose/6.1.5/spring-security-oauth2-jose-6.1.5.jar:/home/sarahneelands/.m2/repository/com/nimbusds/nimbus-jose-jwt/9.24.4/nimbus-jose-jwt-9.24.4.jar:/home/sarahneelands/.m2/repository/com/github/stephenc/jcip/jcip-annotations/1.0-1/jcip-annotations-1.0-1.jar:/home/sarahneelands/.m2/repository/org/springframework/boot/spring-boot-starter-mail/3.1.5/spring-boot-starter-mail-3.1.5.jar:/home/sarahneelands/.m2/repository/org/springframework/spring-context-support/6.0.13/spring-context-support-6.0.13.jar:/home/sarahneelands/.m2/repository/org/eclipse/angus/jakarta.mail/1.1.0/jakarta.mail-1.1.0.jar:/home/sarahneelands/.m2/repository/jakarta/activation/jakarta.activation-api/2.1.2/jakarta.activation-api-2.1.2.jar:/home/sarahneelands/.m2/repository/org/eclipse/angus/angus-activation/2.0.1/angus-activation-2.0.1.jar:/home/sarahneelands/.m2/repository/org/springframework/boot/spring-boot-devtools/3.1.5/spring-boot-devtools-3.1.5.jar:/home/sarahneelands/.m2/repository/org/springframework/boot/spring-boot/3.1.5/spring-boot-3.1.5.jar:/home/sarahneelands/.m2/repository/org/springframework/boot/spring-boot-autoconfigure/3.1.5/spring-boot-autoconfigure-3.1.5.jar:/home/sarahneelands/.m2/repository/org/postgresql/postgresql/42.6.1/postgresql-42.6.1.jar:/home/sarahneelands/.m2/repository/org/checkerframework/checker-qual/3.31.0/checker-qual-3.31.0.jar:/home/sarahneelands/.m2/repository/com/azure/azure-identity/1.12.2/azure-identity-1.12.2.jar:/home/sarahneelands/.m2/repository/com/azure/azure-core/1.49.1/azure-core-1.49.1.jar:/home/sarahneelands/.m2/repository/com/azure/azure-xml/1.0.0/azure-xml-1.0.0.jar:/home/sarahneelands/.m2/repository/com/fasterxml/jackson/core/jackson-annotations/2.15.3/jackson-annotations-2.15.3.jar:/home/sarahneelands/.m2/repository/com/fasterxml/jackson/core/jackson-core/2.15.3/jackson-core-2.15.3.jar:/home/sarahneelands/.m2/repository/io/projectreactor/reactor-core/3.5.11/reactor-core-3.5.11.jar:/home/sarahneelands/.m2/repository/org/reactivestreams/reactive-streams/1.0.4/reactive-streams-1.0.4.jar:/home/sarahneelands/.m2/repository/com/azure/azure-core-http-netty/1.15.1/azure-core-http-netty-1.15.1.jar:/home/sarahneelands/.m2/repository/io/netty/netty-handler/4.1.100.Final/netty-handler-4.1.100.Final.jar:/home/sarahneelands/.m2/repository/io/netty/netty-resolver/4.1.100.Final/netty-resolver-4.1.100.Final.jar:/home/sarahneelands/.m2/repository/io/netty/netty-handler-proxy/4.1.100.Final/netty-handler-proxy-4.1.100.Final.jar:/home/sarahneelands/.m2/repository/io/netty/netty-codec-socks/4.1.100.Final/netty-codec-socks-4.1.100.Final.jar:/home/sarahneelands/.m2/repository/io/netty/netty-buffer/4.1.100.Final/netty-buffer-4.1.100.Final.jar:/home/sarahneelands/.m2/repository/io/netty/netty-codec/4.1.100.Final/netty-codec-4.1.100.Final.jar:/home/sarahneelands/.m2/repository/io/netty/netty-codec-http/4.1.100.Final/netty-codec-http-4.1.100.Final.jar:/home/sarahneelands/.m2/repository/io/netty/netty-codec-http2/4.1.100.Final/netty-codec-http2-4.1.100.Final.jar:/home/sarahneelands/.m2/repository/io/netty/netty-transport-native-unix-common/4.1.100.Final/netty-transport-native-unix-common-4.1.100.Final.jar:/home/sarahneelands/.m2/repository/io/netty/netty-transport-native-epoll/4.1.100.Final/netty-transport-native-epoll-4.1.100.Final-linux-x86_64.jar:/home/sarahneelands/.m2/repository/io/netty/netty-transport-native-kqueue/4.1.100.Final/netty-transport-native-kqueue-4.1.100.Final-osx-x86_64.jar:/home/sarahneelands/.m2/repository/io/netty/netty-tcnative-boringssl-static/2.0.61.Final/netty-tcnative-boringssl-static-2.0.61.Final.jar:/home/sarahneelands/.m2/repository/io/netty/netty-tcnative-classes/2.0.61.Final/netty-tcnative-classes-2.0.61.Final.jar:/home/sarahneelands/.m2/repository/io/netty/netty-tcnative-boringssl-static/2.0.61.Final/netty-tcnative-boringssl-static-2.0.61.Final-linux-x86_64.jar:/home/sarahneelands/.m2/repository/io/netty/netty-tcnative-boringssl-static/2.0.61.Final/netty-tcnative-boringssl-static-2.0.61.Final-linux-aarch_64.jar:/home/sarahneelands/.m2/repository/io/netty/netty-tcnative-boringssl-static/2.0.61.Final/netty-tcnative-boringssl-static-2.0.61.Final-osx-x86_64.jar:/home/sarahneelands/.m2/repository/io/netty/netty-tcnative-boringssl-static/2.0.61.Final/netty-tcnative-boringssl-static-2.0.61.Final-osx-aarch_64.jar:/home/sarahneelands/.m2/repository/io/netty/netty-tcnative-boringssl-static/2.0.61.Final/netty-tcnative-boringssl-static-2.0.61.Final-windows-x86_64.jar:/home/sarahneelands/.m2/repository/io/projectreactor/netty/reactor-netty-http/1.1.12/reactor-netty-http-1.1.12.jar:/home/sarahneelands/.m2/repository/io/netty/netty-resolver-dns/4.1.100.Final/netty-resolver-dns-4.1.100.Final.jar:/home/sarahneelands/.m2/repository/io/netty/netty-codec-dns/4.1.100.Final/netty-codec-dns-4.1.100.Final.jar:/home/sarahneelands/.m2/repository/io/netty/netty-resolver-dns-native-macos/4.1.100.Final/netty-resolver-dns-native-macos-4.1.100.Final-osx-x86_64.jar:/home/sarahneelands/.m2/repository/io/netty/netty-resolver-dns-classes-macos/4.1.100.Final/netty-resolver-dns-classes-macos-4.1.100.Final.jar:/home/sarahneelands/.m2/repository/io/projectreactor/netty/reactor-netty-core/1.1.12/reactor-netty-core-1.1.12.jar:/home/sarahneelands/.m2/repository/io/netty/netty-common/4.1.100.Final/netty-common-4.1.100.Final.jar:/home/sarahneelands/.m2/repository/com/azure/azure-json/1.1.0/azure-json-1.1.0.jar:/home/sarahneelands/.m2/repository/com/microsoft/azure/msal4j/1.15.1/msal4j-1.15.1.jar:/home/sarahneelands/.m2/repository/com/nimbusds/oauth2-oidc-sdk/11.9.1/oauth2-oidc-sdk-11.9.1.jar:/home/sarahneelands/.m2/repository/com/nimbusds/content-type/2.3/content-type-2.3.jar:/home/sarahneelands/.m2/repository/com/nimbusds/lang-tag/1.7/lang-tag-1.7.jar:/home/sarahneelands/.m2/repository/com/microsoft/azure/msal4j-persistence-extension/1.3.0/msal4j-persistence-extension-1.3.0.jar:/home/sarahneelands/.m2/repository/net/java/dev/jna/jna/5.13.0/jna-5.13.0.jar:/home/sarahneelands/.m2/repository/net/java/dev/jna/jna-platform/5.6.0/jna-platform-5.6.0.jar:/home/sarahneelands/.m2/repository/org/projectlombok/lombok/1.18.30/lombok-1.18.30.jar:/home/sarahneelands/.m2/repository/org/apache/pdfbox/pdfbox/2.0.30/pdfbox-2.0.30.jar:/home/sarahneelands/.m2/repository/org/apache/pdfbox/fontbox/2.0.30/fontbox-2.0.30.jar:/home/sarahneelands/.m2/repository/commons-logging/commons-logging/1.2/commons-logging-1.2.jar:/home/sarahneelands/.m2/repository/com/squareup/okhttp3/okhttp/4.11.0/okhttp-4.11.0.jar:/home/sarahneelands/.m2/repository/com/squareup/okio/okio/3.2.0/okio-3.2.0.jar:/home/sarahneelands/.m2/repository/com/squareup/okio/okio-jvm/3.2.0/okio-jvm-3.2.0.jar:/home/sarahneelands/.m2/repository/org/jetbrains/kotlin/kotlin-stdlib/1.8.22/kotlin-stdlib-1.8.22.jar:/home/sarahneelands/.m2/repository/org/jetbrains/kotlin/kotlin-stdlib-common/1.8.22/kotlin-stdlib-common-1.8.22.jar:/home/sarahneelands/.m2/repository/org/jetbrains/annotations/13.0/annotations-13.0.jar:/home/sarahneelands/.m2/repository/org/jetbrains/kotlin/kotlin-stdlib-jdk8/1.8.22/kotlin-stdlib-jdk8-1.8.22.jar:/home/sarahneelands/.m2/repository/org/jetbrains/kotlin/kotlin-stdlib-jdk7/1.8.22/kotlin-stdlib-jdk7-1.8.22.jar:/home/sarahneelands/.m2/repository/org/jsoup/jsoup/1.15.3/jsoup-1.15.3.jar:/home/sarahneelands/.m2/repository/org/json/json/20231013/json-20231013.jar:/home/sarahneelands/.m2/repository/org/seleniumhq/selenium/selenium-java/4.8.3/selenium-java-4.8.3.jar:/home/sarahneelands/.m2/repository/org/seleniumhq/selenium/selenium-api/4.8.3/selenium-api-4.8.3.jar:/home/sarahneelands/.m2/repository/org/seleniumhq/selenium/selenium-devtools-v109/4.8.3/selenium-devtools-v109-4.8.3.jar:/home/sarahneelands/.m2/repository/org/seleniumhq/selenium/selenium-devtools-v110/4.8.3/selenium-devtools-v110-4.8.3.jar:/home/sarahneelands/.m2/repository/org/seleniumhq/selenium/selenium-devtools-v111/4.8.3/selenium-devtools-v111-4.8.3.jar:/home/sarahneelands/.m2/repository/org/seleniumhq/selenium/selenium-devtools-v85/4.8.3/selenium-devtools-v85-4.8.3.jar:/home/sarahneelands/.m2/repository/org/seleniumhq/selenium/selenium-edge-driver/4.8.3/selenium-edge-driver-4.8.3.jar:/home/sarahneelands/.m2/repository/org/seleniumhq/selenium/selenium-firefox-driver/4.8.3/selenium-firefox-driver-4.8.3.jar:/home/sarahneelands/.m2/repository/org/seleniumhq/selenium/selenium-http/4.8.3/selenium-http-4.8.3.jar:/home/sarahneelands/.m2/repository/dev/failsafe/failsafe/3.3.1/failsafe-3.3.1.jar:/home/sarahneelands/.m2/repository/org/seleniumhq/selenium/selenium-ie-driver/4.8.3/selenium-ie-driver-4.8.3.jar:/home/sarahneelands/.m2/repository/org/seleniumhq/selenium/selenium-remote-driver/4.8.3/selenium-remote-driver-4.8.3.jar:/home/sarahneelands/.m2/repository/io/netty/netty-transport-classes-epoll/4.1.100.Final/netty-transport-classes-epoll-4.1.100.Final.jar:/home/sarahneelands/.m2/repository/io/netty/netty-transport-classes-kqueue/4.1.100.Final/netty-transport-classes-kqueue-4.1.100.Final.jar:/home/sarahneelands/.m2/repository/io/netty/netty-transport-native-epoll/4.1.100.Final/netty-transport-native-epoll-4.1.100.Final.jar:/home/sarahneelands/.m2/repository/io/netty/netty-transport-native-kqueue/4.1.100.Final/netty-transport-native-kqueue-4.1.100.Final.jar:/home/sarahneelands/.m2/repository/io/netty/netty-transport/4.1.100.Final/netty-transport-4.1.100.Final.jar:/home/sarahneelands/.m2/repository/io/opentelemetry/opentelemetry-api/1.25.0/opentelemetry-api-1.25.0.jar:/home/sarahneelands/.m2/repository/io/opentelemetry/opentelemetry-context/1.25.0/opentelemetry-context-1.25.0.jar:/home/sarahneelands/.m2/repository/io/opentelemetry/opentelemetry-exporter-logging/1.25.0/opentelemetry-exporter-logging-1.25.0.jar:/home/sarahneelands/.m2/repository/io/opentelemetry/opentelemetry-sdk-metrics/1.25.0/opentelemetry-sdk-metrics-1.25.0.jar:/home/sarahneelands/.m2/repository/io/opentelemetry/opentelemetry-sdk-logs/1.25.0-alpha/opentelemetry-sdk-logs-1.25.0-alpha.jar:/home/sarahneelands/.m2/repository/io/opentelemetry/opentelemetry-api-logs/1.25.0-alpha/opentelemetry-api-logs-1.25.0-alpha.jar:/home/sarahneelands/.m2/repository/io/opentelemetry/opentelemetry-api-events/1.25.0-alpha/opentelemetry-api-events-1.25.0-alpha.jar:/home/sarahneelands/.m2/repository/io/opentelemetry/opentelemetry-sdk-common/1.25.0/opentelemetry-sdk-common-1.25.0.jar:/home/sarahneelands/.m2/repository/io/opentelemetry/opentelemetry-sdk-extension-autoconfigure-spi/1.25.0/opentelemetry-sdk-extension-autoconfigure-spi-1.25.0.jar:/home/sarahneelands/.m2/repository/io/opentelemetry/opentelemetry-sdk-extension-autoconfigure/1.24.0-alpha/opentelemetry-sdk-extension-autoconfigure-1.24.0-alpha.jar:/home/sarahneelands/.m2/repository/io/opentelemetry/opentelemetry-sdk-trace/1.25.0/opentelemetry-sdk-trace-1.25.0.jar:/home/sarahneelands/.m2/repository/io/opentelemetry/opentelemetry-sdk/1.25.0/opentelemetry-sdk-1.25.0.jar:/home/sarahneelands/.m2/repository/io/opentelemetry/opentelemetry-semconv/1.24.0-alpha/opentelemetry-semconv-1.24.0-alpha.jar:/home/sarahneelands/.m2/repository/io/ous/jtoml/2.0.0/jtoml-2.0.0.jar:/home/sarahneelands/.m2/repository/org/apache/commons/commons-exec/1.3/commons-exec-1.3.jar:/home/sarahneelands/.m2/repository/org/asynchttpclient/async-http-client/2.12.3/async-http-client-2.12.3.jar:/home/sarahneelands/.m2/repository/org/asynchttpclient/async-http-client-netty-utils/2.12.3/async-http-client-netty-utils-2.12.3.jar:/home/sarahneelands/.m2/repository/com/typesafe/netty/netty-reactive-streams/2.0.4/netty-reactive-streams-2.0.4.jar:/home/sarahneelands/.m2/repository/com/sun/activation/jakarta.activation/1.2.2/jakarta.activation-1.2.2.jar:/home/sarahneelands/.m2/repository/org/seleniumhq/selenium/selenium-safari-driver/4.8.3/selenium-safari-driver-4.8.3.jar:/home/sarahneelands/.m2/repository/org/seleniumhq/selenium/selenium-support/4.8.3/selenium-support-4.8.3.jar:/home/sarahneelands/.m2/repository/org/seleniumhq/selenium/selenium-chrome-driver/4.8.3/selenium-chrome-driver-4.8.3.jar:/home/sarahneelands/.m2/repository/com/google/auto/service/auto-service-annotations/1.0.1/auto-service-annotations-1.0.1.jar:/home/sarahneelands/.m2/repository/com/google/auto/service/auto-service/1.0.1/auto-service-1.0.1.jar:/home/sarahneelands/.m2/repository/com/google/auto/auto-common/1.2/auto-common-1.2.jar:/home/sarahneelands/.m2/repository/com/google/guava/guava/31.1-jre/guava-31.1-jre.jar:/home/sarahneelands/.m2/repository/com/google/guava/failureaccess/1.0.1/failureaccess-1.0.1.jar:/home/sarahneelands/.m2/repository/com/google/guava/listenablefuture/9999.0-empty-to-avoid-conflict-with-guava/listenablefuture-9999.0-empty-to-avoid-conflict-with-guava.jar:/home/sarahneelands/.m2/repository/com/google/code/findbugs/jsr305/3.0.2/jsr305-3.0.2.jar:/home/sarahneelands/.m2/repository/com/google/errorprone/error_prone_annotations/2.11.0/error_prone_annotations-2.11.0.jar:/home/sarahneelands/.m2/repository/com/google/j2objc/j2objc-annotations/1.3/j2objc-annotations-1.3.jar:/home/sarahneelands/.m2/repository/org/seleniumhq/selenium/selenium-chromium-driver/4.8.3/selenium-chromium-driver-4.8.3.jar:/home/sarahneelands/.m2/repository/org/seleniumhq/selenium/selenium-json/4.8.3/selenium-json-4.8.3.jar:/home/sarahneelands/.m2/repository/org/seleniumhq/selenium/selenium-manager/4.8.3/selenium-manager-4.8.3.jar:/home/sarahneelands/.m2/repository/io/github/bonigarcia/webdrivermanager/5.5.0/webdrivermanager-5.5.0.jar:/home/sarahneelands/.m2/repository/org/slf4j/slf4j-api/2.0.9/slf4j-api-2.0.9.jar:/home/sarahneelands/.m2/repository/com/google/code/gson/gson/2.10.1/gson-2.10.1.jar:/home/sarahneelands/.m2/repository/com/github/docker-java/docker-java/3.3.3/docker-java-3.3.3.jar:/home/sarahneelands/.m2/repository/com/github/docker-java/docker-java-core/3.3.3/docker-java-core-3.3.3.jar:/home/sarahneelands/.m2/repository/com/github/docker-java/docker-java-api/3.3.3/docker-java-api-3.3.3.jar:/home/sarahneelands/.m2/repository/commons-io/commons-io/2.6/commons-io-2.6.jar:/home/sarahneelands/.m2/repository/org/apache/commons/commons-compress/1.21/commons-compress-1.21.jar:/home/sarahneelands/.m2/repository/org/bouncycastle/bcpkix-jdk18on/1.75/bcpkix-jdk18on-1.75.jar:/home/sarahneelands/.m2/repository/org/bouncycastle/bcprov-jdk18on/1.75/bcprov-jdk18on-1.75.jar:/home/sarahneelands/.m2/repository/org/bouncycastle/bcutil-jdk18on/1.75/bcutil-jdk18on-1.75.jar:/home/sarahneelands/.m2/repository/org/slf4j/jcl-over-slf4j/2.0.9/jcl-over-slf4j-2.0.9.jar:/home/sarahneelands/.m2/repository/com/github/docker-java/docker-java-transport-httpclient5/3.3.3/docker-java-transport-httpclient5-3.3.3.jar:/home/sarahneelands/.m2/repository/com/github/docker-java/docker-java-transport/3.3.3/docker-java-transport-3.3.3.jar:/home/sarahneelands/.m2/repository/org/brotli/dec/0.1.2/dec-0.1.2.jar:/home/sarahneelands/.m2/repository/org/apache/commons/commons-lang3/3.12.0/commons-lang3-3.12.0.jar:/home/sarahneelands/.m2/repository/org/apache/httpcomponents/client5/httpclient5/5.2.1/httpclient5-5.2.1.jar:/home/sarahneelands/.m2/repository/org/apache/httpcomponents/core5/httpcore5/5.2.3/httpcore5-5.2.3.jar:/home/sarahneelands/.m2/repository/org/apache/httpcomponents/core5/httpcore5-h2/5.2.3/httpcore5-h2-5.2.3.jar:/home/sarahneelands/.m2/repository/jakarta/persistence/jakarta.persistence-api/3.1.0/jakarta.persistence-api-3.1.0.jar:/home/sarahneelands/.m2/repository/org/testng/testng/7.8.0/testng-7.8.0.jar:/home/sarahneelands/.m2/repository/com/beust/jcommander/1.82/jcommander-1.82.jar:/home/sarahneelands/.m2/repository/org/webjars/jquery/3.6.1/jquery-3.6.1.jar:/home/sarahneelands/.m2/repository/org/mockito/mockito-core/5.5.0/mockito-core-5.5.0.jar:/home/sarahneelands/.m2/repository/net/bytebuddy/byte-buddy/1.14.9/byte-buddy-1.14.9.jar:/home/sarahneelands/.m2/repository/net/bytebuddy/byte-buddy-agent/1.14.9/byte-buddy-agent-1.14.9.jar:/home/sarahneelands/.m2/repository/org/objenesis/objenesis/3.3/objenesis-3.3.jar:/home/sarahneelands/.m2/repository/org/springframework/boot/spring-boot-starter-test/3.1.5/spring-boot-starter-test-3.1.5.jar:/home/sarahneelands/.m2/repository/org/springframework/boot/spring-boot-test/3.1.5/spring-boot-test-3.1.5.jar:/home/sarahneelands/.m2/repository/org/springframework/boot/spring-boot-test-autoconfigure/3.1.5/spring-boot-test-autoconfigure-3.1.5.jar:/home/sarahneelands/.m2/repository/com/jayway/jsonpath/json-path/2.8.0/json-path-2.8.0.jar:/home/sarahneelands/.m2/repository/jakarta/xml/bind/jakarta.xml.bind-api/4.0.1/jakarta.xml.bind-api-4.0.1.jar:/home/sarahneelands/.m2/repository/net/minidev/json-smart/2.4.11/json-smart-2.4.11.jar:/home/sarahneelands/.m2/repository/net/minidev/accessors-smart/2.4.11/accessors-smart-2.4.11.jar:/home/sarahneelands/.m2/repository/org/ow2/asm/asm/9.3/asm-9.3.jar:/home/sarahneelands/.m2/repository/org/assertj/assertj-core/3.24.2/assertj-core-3.24.2.jar:/home/sarahneelands/.m2/repository/org/hamcrest/hamcrest/2.2/hamcrest-2.2.jar:/home/sarahneelands/.m2/repository/org/junit/jupiter/junit-jupiter/5.9.3/junit-jupiter-5.9.3.jar:/home/sarahneelands/.m2/repository/org/junit/jupiter/junit-jupiter-api/5.9.3/junit-jupiter-api-5.9.3.jar:/home/sarahneelands/.m2/repository/org/opentest4j/opentest4j/1.2.0/opentest4j-1.2.0.jar:/home/sarahneelands/.m2/repository/org/junit/platform/junit-platform-commons/1.9.3/junit-platform-commons-1.9.3.jar:/home/sarahneelands/.m2/repository/org/apiguardian/apiguardian-api/1.1.2/apiguardian-api-1.1.2.jar:/home/sarahneelands/.m2/repository/org/junit/jupiter/junit-jupiter-params/5.9.3/junit-jupiter-params-5.9.3.jar:/home/sarahneelands/.m2/repository/org/junit/jupiter/junit-jupiter-engine/5.9.3/junit-jupiter-engine-5.9.3.jar:/home/sarahneelands/.m2/repository/org/junit/platform/junit-platform-engine/1.9.3/junit-platform-engine-1.9.3.jar:/home/sarahneelands/.m2/repository/org/mockito/mockito-junit-jupiter/5.3.1/mockito-junit-jupiter-5.3.1.jar:/home/sarahneelands/.m2/repository/org/skyscreamer/jsonassert/1.5.1/jsonassert-1.5.1.jar:/home/sarahneelands/.m2/repository/com/vaadin/external/google/android-json/0.0.20131108.vaadin1/android-json-0.0.20131108.vaadin1.jar:/home/sarahneelands/.m2/repository/org/springframework/spring-core/6.0.13/spring-core-6.0.13.jar:/home/sarahneelands/.m2/repository/org/springframework/spring-jcl/6.0.13/spring-jcl-6.0.13.jar:/home/sarahneelands/.m2/repository/org/springframework/spring-test/6.0.13/spring-test-6.0.13.jar:/home/sarahneelands/.m2/repository/org/xmlunit/xmlunit-core/2.9.1/xmlunit-core-2.9.1.jar:"/>
    <property name="sun.cpu.endian" value="little"/>
    <property name="user.home" value="/home/sarahneelands"/>
    <property name="user.language" value="en"/>
    <property name="java.specification.vendor" value="Oracle Corporation"/>
    <property name="java.version.date" value="2025-01-21"/>
    <property name="java.home" value="/usr/lib/jvm/java-21-openjdk-amd64"/>
    <property name="file.separator" value="/"/>
    <property name="basedir" value="/mnt/c/Users/srnee/Desktop/Degree-Flow/degreeflow-backend"/>
    <property name="java.vm.compressedOopsMode" value="32-bit"/>
    <property name="line.separator" value="&#10;"/>
    <property name="java.specification.name" value="Java Platform API Specification"/>
    <property name="java.vm.specification.vendor" value="Oracle Corporation"/>
    <property name="FILE_LOG_CHARSET" value="UTF-8"/>
    <property name="java.awt.headless" value="true"/>
    <property name="surefire.real.class.path" value="/mnt/c/Users/srnee/Desktop/Degree-Flow/degreeflow-backend/target/surefire/surefirebooter-20250408002711367_3.jar"/>
    <property name="sun.management.compiler" value="HotSpot 64-Bit Tiered Compilers"/>
    <property name="java.runtime.version" value="21.0.6+7-Ubuntu-122.04.1"/>
    <property name="user.name" value="sarahneelands"/>
    <property name="stdout.encoding" value="UTF-8"/>
    <property name="path.separator" value=":"/>
    <property name="os.version" value="5.15.167.4-microsoft-standard-WSL2"/>
    <property name="java.runtime.name" value="OpenJDK Runtime Environment"/>
    <property name="file.encoding" value="UTF-8"/>
    <property name="java.vm.name" value="OpenJDK 64-Bit Server VM"/>
    <property name="localRepository" value="/home/sarahneelands/.m2/repository"/>
    <property name="java.vendor.url.bug" value="https://bugs.launchpad.net/ubuntu/+source/openjdk-21"/>
    <property name="java.io.tmpdir" value="/tmp"/>
    <property name="com.zaxxer.hikari.pool_number" value="1"/>
    <property name="java.version" value="21.0.6"/>
    <property name="user.dir" value="/mnt/c/Users/srnee/Desktop/Degree-Flow/degreeflow-backend"/>
    <property name="os.arch" value="amd64"/>
    <property name="java.vm.specification.name" value="Java Virtual Machine Specification"/>
    <property name="PID" value="119985"/>
    <property name="CONSOLE_LOG_CHARSET" value="UTF-8"/>
    <property name="native.encoding" value="UTF-8"/>
    <property name="java.library.path" value="/usr/java/packages/lib:/usr/lib/x86_64-linux-gnu/jni:/lib/x86_64-linux-gnu:/usr/lib/x86_64-linux-gnu:/usr/lib/jni:/lib:/usr/lib"/>
    <property name="stderr.encoding" value="UTF-8"/>
    <property name="java.vm.info" value="mixed mode, sharing"/>
    <property name="java.vendor" value="Ubuntu"/>
    <property name="java.vm.version" value="21.0.6+7-Ubuntu-122.04.1"/>
    <property name="sun.io.unicode.encoding" value="UnicodeLittle"/>
    <property name="java.class.version" value="65.0"/>
  </properties>
  <testcase name="testUpdateTranscript_marksCoursesAsCheckedAndCountsCompleted" classname="com.degreeflow.service.ProgressTrackerTest" time="0">
    <skipped message="Temporarily turned off while debugging API issues"/>
    <system-out><![CDATA[2025-04-08T00:27:28.666-04:00  INFO 119985 --- [           main] t.c.s.AnnotationConfigContextLoaderUtils : Could not detect default configuration classes for test class [com.degreeflow.service.ProgressTrackerTest]: ProgressTrackerTest does not declare any static, non-private, non-final, nested classes annotated with @Configuration.
2025-04-08T00:27:28.672-04:00  INFO 119985 --- [           main] .b.t.c.SpringBootTestContextBootstrapper : Found @SpringBootConfiguration com.degreeflow.DegreeFlowApplication for test class com.degreeflow.service.ProgressTrackerTest
]]></system-out>
  </testcase>
</testsuite>